01:22:23:361 [ALWAYS]	GUDE Logging Started
01:22:23:361 [INFO]	SqliteResumeCache::SqliteResumeCache basedirectory is null/empty
01:22:23:361 [ERROR]	SqliteResumeCache::CreateSqliteResumeCache creating resume cache pointer failure
01:22:23:361 [ERROR]	Initialize resume cache pointer failure
01:22:23:361 [INFO]	gude policy POLICY_USER limit (2,2,1) chunk 2097152, chunking (UL 0 DL 1), resXfer 1, adapt 0, NSURL 0, timeout 86400 
01:22:23:361 [INFO]	Initialized -- gude-lib version: v0.12.1 app: gude
01:22:26:368 [WARN]	Ignoring attempt to reinit logging to \gude at level 4 retaining 3 days of logs
01:22:26:368 [INFO]	SqliteResumeCache::SqliteResumeCache basedirectory is null/empty
01:22:26:368 [ERROR]	SqliteResumeCache::CreateSqliteResumeCache creating resume cache pointer failure
01:22:26:368 [ERROR]	Initialize resume cache pointer failure
01:22:26:368 [INFO]	gude policy POLICY_USER limit (4,4,1) chunk 2097152, chunking (UL 0 DL 1), resXfer 1, adapt 0, NSURL 1, timeout 86400 
01:22:26:368 [INFO]	Initialized -- gude-lib version: v0.12.1 app: gude
01:38:50:236 [ALWAYS]	GUDE Logging Started
01:38:50:237 [INFO]	SqliteResumeCache::SqliteResumeCache basedirectory is null/empty
01:38:50:237 [ERROR]	SqliteResumeCache::CreateSqliteResumeCache creating resume cache pointer failure
01:38:50:237 [ERROR]	Initialize resume cache pointer failure
01:38:50:237 [INFO]	gude policy POLICY_USER limit (2,2,1) chunk 2097152, chunking (UL 0 DL 1), resXfer 1, adapt 0, NSURL 0, timeout 86400 
01:38:50:237 [INFO]	Initialized -- gude-lib version: v0.12.1 app: gude
01:38:51:751 [WARN]	Ignoring attempt to reinit logging to \gude at level 4 retaining 3 days of logs
01:38:51:751 [INFO]	SqliteResumeCache::SqliteResumeCache basedirectory is null/empty
01:38:51:751 [ERROR]	SqliteResumeCache::CreateSqliteResumeCache creating resume cache pointer failure
01:38:51:751 [ERROR]	Initialize resume cache pointer failure
01:38:51:751 [INFO]	gude policy POLICY_USER limit (4,4,1) chunk 2097152, chunking (UL 0 DL 1), resXfer 1, adapt 0, NSURL 1, timeout 86400 
01:38:51:751 [INFO]	Initialized -- gude-lib version: v0.12.1 app: gude
